Name: isort
Module: isort
Python extension loading
Waiting for interpreter from python extension.
Python extension loaded
CWD Server: /home/vinicius
sys.path used to run Server:
   /home/vinicius/.vscode/extensions/ms-python.isort-2022.8.0/bundled/libs
   /home/vinicius/.vscode/extensions/ms-python.isort-2022.8.0/bundled/tool
   /usr/lib/python310.zip
   /usr/lib/python3.10
   /usr/lib/python3.10/lib-dynload
   /usr/lib/python3.10/site-packages
Settings used to run Server:
[]

/bin/python -m isort --version-number
CWD Linter: /home/vinicius
Version info for isort running for /home/vinicius:
5.10.1

SUPPORTED isort>=5.10.1
FOUND isort==5.10.1

