2023-02-22 23:38:35.102 [info] Reading sessions from keychain...
2023-02-22 23:38:35.102 [info] Getting sessions for user:email...
2023-02-22 23:38:35.102 [info] Got 0 sessions for user:email...
2023-02-22 23:38:35.102 [info] Getting sessions for all scopes...
2023-02-22 23:38:35.102 [info] Got 0 sessions for ...
2023-02-22 23:38:35.103 [info] Getting sessions for all scopes...
2023-02-22 23:38:35.103 [info] Got 0 sessions for ...
2023-02-22 23:38:43.450 [info] Getting sessions for all scopes...
2023-02-22 23:38:43.450 [info] Got 0 sessions for ...
2023-02-22 23:38:51.476 [info] Getting sessions for user:email...
2023-02-22 23:38:51.476 [info] Got 0 sessions for user:email...
2023-02-22 23:38:53.720 [info] Logging in for the following scopes: user:email
2023-02-22 23:38:53.726 [info] Trying without local server... (user:email)
2023-02-22 23:40:54.762 [info] Exchanging code for token...
2023-02-22 23:40:55.322 [info] Token exchange success!
2023-02-22 23:40:55.328 [info] Getting user info...
2023-02-22 23:40:55.615 [info] Got account info!
2023-02-22 23:40:55.616 [info] Storing 1 sessions...
2023-02-22 23:40:55.796 [error] Setting token failed: Error: GDBus.Error:org.freedesktop.DBus.Error.ServiceUnknown: The name org.freedesktop.secrets was not provided by any .service files
2023-02-22 23:40:55.796 [info] Stored 1 sessions!
2023-02-22 23:40:55.796 [info] Login success!
2023-02-22 23:40:55.797 [info] Getting sessions for user:email...
2023-02-22 23:40:55.797 [info] Got 1 sessions for user:email...
2023-02-22 23:40:55.799 [info] Getting sessions for user:email...
2023-02-22 23:40:55.799 [info] Got 1 sessions for user:email...
2023-02-22 23:40:56.430 [info] Getting user info...
2023-02-22 23:40:56.704 [info] Got account info!
