Visual Studio Code (1.75.1, undefined, desktop)
Jupyter Extension Version: 2023.1.2010391206.
Python Extension Version: 2023.2.0.
Workspace folder /home/vinicius/Documentos/Estudos
User belongs to experiment group 'jupyterTestcf'
User belongs to experiment group 'jupyterEnhancedDataViewer'
info 12:43:34.781: LSP Notebooks experiment is enabled
info 12:43:59.895: Process Execution: > /bin/python -m pip list
> /bin/python -m pip list
info 12:44:02.687: Process Execution: > /bin/python -c "import pip;print('6af208d0-cb9c-427f-b937-ff563e17efdf')"
> /bin/python -c "import pip;print('6af208d0-cb9c-427f-b937-ff563e17efdf')"
error 12:44:04.729: interpreterPackages getPackageInformation, Class name = xl, completed in 27040ms, has a falsy return value, Arg 1: {"interpreter":{"id":"/bin/python","sysPrefix":"/usr","displayPath":{"$mid":1,"path":"/bin/python","scheme":"file"},"envName":"","uri":{"$mid":1,"fsPath":"/bin/python","external":"file:///bin/python","path":"/bin/python","scheme":"file"},"displayName":"","envType":"Unknown","version":{"major":3,"minor":10,"patch":9,"raw":"3.10.9 (main, Dec 19 2022, 17:35:49) [GCC 12.2.0]"}}} [Qa [Error]: Module 'pip' not installed.
	at Xa.execModule (/home/vinicius/.vscode/extensions/ms-toolsai.jupyter-2023.1.2010391206/out/extension.node.js:2:1806741)
	at async xl.getPackageInformation (/home/vinicius/.vscode/extensions/ms-toolsai.jupyter-2023.1.2010391206/out/extension.node.js:17:38262)] {
  category: 'notinstalled',
  moduleName: 'pip'
}
info 12:48:29.878: Shutting down notebooks for 1321b9aa-5a27-425e-ba07-35f55af0650f
info 12:48:29.879: Disposing HostJupyterExecution 36d9227d-c703-4847-8d41-e34fb8066232
info 12:48:29.883: Disposing HostJupyterExecution 36d9227d-c703-4847-8d41-e34fb8066232
