2023-02-22 23:38:35.207 [info] Starting worker process with pid 9993 (type: fileWatcher, window: 1).
2023-02-22 23:41:12.924 [info] Getting Manifest... prisma.prisma
2023-02-22 23:41:13.614 [info] Installing extension: prisma.prisma
2023-02-22 23:41:13.615 [info] Installing the extension without checking dependencies and pack prisma.prisma
2023-02-22 23:41:19.142 [warning] Extension signature verification: prisma.prisma. Verification status: UnknownError.
2023-02-22 23:41:25.040 [info] Extracted extension to /home/vinicius/.vscode/extensions/.88c1ce0b-5d88-4f34-a892-a42ea6c1b47b: prisma.prisma
2023-02-22 23:41:25.193 [info] Renamed to /home/vinicius/.vscode/extensions/prisma.prisma-4.10.1
2023-02-22 23:41:25.196 [info] Extracting completed. prisma.prisma
2023-02-22 23:41:25.243 [info] Extension installed successfully: prisma.prisma
2023-02-22 23:41:25.245 [info] Getting Manifest... bradlc.vscode-tailwindcss
2023-02-22 23:41:25.878 [info] Installing extension: bradlc.vscode-tailwindcss
2023-02-22 23:41:25.878 [info] Installing the extension without checking dependencies and pack bradlc.vscode-tailwindcss
2023-02-22 23:41:28.093 [warning] Extension signature verification: bradlc.vscode-tailwindcss. Verification status: UnknownError.
2023-02-22 23:41:28.164 [info] Extracted extension to /home/vinicius/.vscode/extensions/.eceea74c-0e52-45c8-9384-84104f4e3e1f: bradlc.vscode-tailwindcss
2023-02-22 23:41:28.214 [info] Renamed to /home/vinicius/.vscode/extensions/bradlc.vscode-tailwindcss-0.9.7
2023-02-22 23:41:28.216 [info] Extracting completed. bradlc.vscode-tailwindcss
2023-02-22 23:41:28.263 [info] Extension installed successfully: bradlc.vscode-tailwindcss
2023-02-22 23:41:28.265 [info] Getting Manifest... xabikos.javascriptsnippets
2023-02-22 23:41:28.922 [info] Installing extension: xabikos.javascriptsnippets
2023-02-22 23:41:28.923 [info] Installing the extension without checking dependencies and pack xabikos.javascriptsnippets
2023-02-22 23:41:30.883 [warning] Extension signature verification: xabikos.javascriptsnippets. Verification status: UnknownError.
2023-02-22 23:41:30.906 [info] Extracted extension to /home/vinicius/.vscode/extensions/.2292572e-22b5-4e06-8fe8-1113f001d1b9: xabikos.javascriptsnippets
2023-02-22 23:41:30.952 [info] Renamed to /home/vinicius/.vscode/extensions/xabikos.javascriptsnippets-1.8.0
2023-02-22 23:41:30.955 [info] Extracting completed. xabikos.javascriptsnippets
2023-02-22 23:41:31.024 [info] Extension installed successfully: xabikos.javascriptsnippets
2023-02-22 23:41:31.030 [info] Getting Manifest... ritwickdey.liveserver
2023-02-22 23:41:31.672 [info] Installing extension: ritwickdey.liveserver
2023-02-22 23:41:31.673 [info] Installing the extension without checking dependencies and pack ritwickdey.liveserver
2023-02-22 23:41:35.082 [warning] Extension signature verification: ritwickdey.liveserver. Verification status: UnknownError.
2023-02-22 23:41:40.669 [info] Extracted extension to /home/vinicius/.vscode/extensions/.5bedf2f6-c03e-4dd4-a899-94407f2e76af: ritwickdey.liveserver
2023-02-22 23:41:40.803 [info] Renamed to /home/vinicius/.vscode/extensions/ritwickdey.liveserver-5.7.9
2023-02-22 23:41:40.806 [info] Extracting completed. ritwickdey.liveserver
2023-02-22 23:41:40.852 [info] Extension installed successfully: ritwickdey.liveserver
2023-02-22 23:41:40.854 [info] Getting Manifest... miguelsolorio.fluent-icons
2023-02-22 23:41:41.505 [info] Installing extension: miguelsolorio.fluent-icons
2023-02-22 23:41:41.505 [info] Installing the extension without checking dependencies and pack miguelsolorio.fluent-icons
2023-02-22 23:41:43.756 [warning] Extension signature verification: miguelsolorio.fluent-icons. Verification status: UnknownError.
2023-02-22 23:41:43.946 [info] Extracted extension to /home/vinicius/.vscode/extensions/.ceb0d5ed-e7b4-4239-ac98-3a516fb139fd: miguelsolorio.fluent-icons
2023-02-22 23:41:43.994 [info] Renamed to /home/vinicius/.vscode/extensions/miguelsolorio.fluent-icons-0.0.18
2023-02-22 23:41:43.997 [info] Extracting completed. miguelsolorio.fluent-icons
2023-02-22 23:41:44.052 [info] Extension installed successfully: miguelsolorio.fluent-icons
2023-02-22 23:41:44.054 [info] Getting Manifest... visualstudioexptteam.intellicode-api-usage-examples
2023-02-22 23:41:44.692 [info] Installing extension: visualstudioexptteam.intellicode-api-usage-examples
2023-02-22 23:41:44.692 [info] Installing the extension without checking dependencies and pack visualstudioexptteam.intellicode-api-usage-examples
2023-02-22 23:41:47.065 [warning] Extension signature verification: visualstudioexptteam.intellicode-api-usage-examples. Verification status: UnknownError.
2023-02-22 23:41:47.346 [info] Extracted extension to /home/vinicius/.vscode/extensions/.df551aa0-b123-4af9-970d-936e7e4a28ef: visualstudioexptteam.intellicode-api-usage-examples
2023-02-22 23:41:47.441 [info] Renamed to /home/vinicius/.vscode/extensions/visualstudioexptteam.intellicode-api-usage-examples-0.2.7
2023-02-22 23:41:47.444 [info] Extracting completed. visualstudioexptteam.intellicode-api-usage-examples
2023-02-22 23:41:47.489 [info] Extension installed successfully: visualstudioexptteam.intellicode-api-usage-examples
2023-02-22 23:41:47.491 [info] Getting Manifest... simonsiefke.svg-preview
2023-02-22 23:41:48.122 [info] Installing extension: simonsiefke.svg-preview
2023-02-22 23:41:48.122 [info] Installing the extension without checking dependencies and pack simonsiefke.svg-preview
2023-02-22 23:41:50.061 [warning] Extension signature verification: simonsiefke.svg-preview. Verification status: UnknownError.
2023-02-22 23:41:50.091 [info] Extracted extension to /home/vinicius/.vscode/extensions/.8a20f14a-2aa6-48e4-b70a-8cf34616adfc: simonsiefke.svg-preview
2023-02-22 23:41:50.135 [info] Renamed to /home/vinicius/.vscode/extensions/simonsiefke.svg-preview-2.8.3
2023-02-22 23:41:50.139 [info] Extracting completed. simonsiefke.svg-preview
2023-02-22 23:41:50.193 [info] Extension installed successfully: simonsiefke.svg-preview
2023-02-22 23:41:50.195 [info] Getting Manifest... ms-toolsai.vscode-jupyter-slideshow
2023-02-22 23:41:51.072 [info] Installing extension: ms-toolsai.vscode-jupyter-slideshow
2023-02-22 23:41:51.072 [info] Installing the extension without checking dependencies and pack ms-toolsai.vscode-jupyter-slideshow
2023-02-22 23:41:53.041 [warning] Extension signature verification: ms-toolsai.vscode-jupyter-slideshow. Verification status: UnknownError.
2023-02-22 23:41:53.078 [info] Extracted extension to /home/vinicius/.vscode/extensions/.c5b939d7-557e-4ae2-a1c6-adee2f0542ba: ms-toolsai.vscode-jupyter-slideshow
2023-02-22 23:41:53.109 [info] Renamed to /home/vinicius/.vscode/extensions/ms-toolsai.vscode-jupyter-slideshow-0.1.5
2023-02-22 23:41:53.111 [info] Extracting completed. ms-toolsai.vscode-jupyter-slideshow
2023-02-22 23:41:53.157 [info] Extension installed successfully: ms-toolsai.vscode-jupyter-slideshow
2023-02-22 23:41:53.159 [info] Getting Manifest... christian-kohler.path-intellisense
2023-02-22 23:41:53.791 [info] Installing extension: christian-kohler.path-intellisense
2023-02-22 23:41:53.791 [info] Installing the extension without checking dependencies and pack christian-kohler.path-intellisense
2023-02-22 23:41:55.862 [warning] Extension signature verification: christian-kohler.path-intellisense. Verification status: UnknownError.
2023-02-22 23:41:55.951 [info] Extracted extension to /home/vinicius/.vscode/extensions/.83c81cfd-97ee-4803-bc91-7810a005d92e: christian-kohler.path-intellisense
2023-02-22 23:41:55.991 [info] Renamed to /home/vinicius/.vscode/extensions/christian-kohler.path-intellisense-2.8.4
2023-02-22 23:41:55.994 [info] Extracting completed. christian-kohler.path-intellisense
2023-02-22 23:41:56.048 [info] Extension installed successfully: christian-kohler.path-intellisense
2023-02-22 23:41:56.050 [info] Getting Manifest... miguelsolorio.symbols
2023-02-22 23:41:56.677 [info] Installing extension: miguelsolorio.symbols
2023-02-22 23:41:56.677 [info] Installing the extension without checking dependencies and pack miguelsolorio.symbols
2023-02-22 23:41:59.069 [warning] Extension signature verification: miguelsolorio.symbols. Verification status: UnknownError.
2023-02-22 23:41:59.501 [info] Extracted extension to /home/vinicius/.vscode/extensions/.35a43916-6592-480d-98f5-73467d0d2895: miguelsolorio.symbols
2023-02-22 23:41:59.579 [info] Renamed to /home/vinicius/.vscode/extensions/miguelsolorio.symbols-0.0.9
2023-02-22 23:41:59.582 [info] Extracting completed. miguelsolorio.symbols
2023-02-22 23:41:59.649 [info] Extension installed successfully: miguelsolorio.symbols
2023-02-22 23:41:59.651 [info] Getting Manifest... mvllow.rose-pine
2023-02-22 23:42:00.293 [info] Installing extension: mvllow.rose-pine
2023-02-22 23:42:00.293 [info] Installing the extension without checking dependencies and pack mvllow.rose-pine
2023-02-22 23:42:02.717 [warning] Extension signature verification: mvllow.rose-pine. Verification status: UnknownError.
2023-02-22 23:42:02.744 [info] Extracted extension to /home/vinicius/.vscode/extensions/.839958b3-ef35-453d-a489-edcd6de9b815: mvllow.rose-pine
2023-02-22 23:42:02.795 [info] Renamed to /home/vinicius/.vscode/extensions/mvllow.rose-pine-2.7.1
2023-02-22 23:42:02.797 [info] Extracting completed. mvllow.rose-pine
2023-02-22 23:42:02.854 [info] Extension installed successfully: mvllow.rose-pine
2023-02-22 23:42:03.037 [info] Getting Manifest... ms-toolsai.jupyter-renderers
2023-02-22 23:42:03.218 [info] Installing extension: ms-toolsai.jupyter-renderers
2023-02-22 23:42:03.218 [info] Installing the extension without checking dependencies and pack ms-toolsai.jupyter-renderers
2023-02-22 23:42:05.880 [warning] Extension signature verification: ms-toolsai.jupyter-renderers. Verification status: UnknownError.
2023-02-22 23:42:06.288 [info] Extracted extension to /home/vinicius/.vscode/extensions/.c84df4f4-d06e-46f7-92f4-f6cf012d386a: ms-toolsai.jupyter-renderers
2023-02-22 23:42:06.352 [info] Renamed to /home/vinicius/.vscode/extensions/ms-toolsai.jupyter-renderers-1.0.14
2023-02-22 23:42:06.355 [info] Extracting completed. ms-toolsai.jupyter-renderers
2023-02-22 23:42:06.399 [info] Extension installed successfully: ms-toolsai.jupyter-renderers
2023-02-22 23:42:06.402 [info] Getting Manifest... ms-toolsai.vscode-jupyter-cell-tags
2023-02-22 23:42:07.030 [info] Installing extension: ms-toolsai.vscode-jupyter-cell-tags
2023-02-22 23:42:07.030 [info] Installing the extension without checking dependencies and pack ms-toolsai.vscode-jupyter-cell-tags
2023-02-22 23:42:08.964 [warning] Extension signature verification: ms-toolsai.vscode-jupyter-cell-tags. Verification status: UnknownError.
2023-02-22 23:42:09.045 [info] Extracted extension to /home/vinicius/.vscode/extensions/.1c8d14a6-da30-4d19-bd66-2c7890add162: ms-toolsai.vscode-jupyter-cell-tags
2023-02-22 23:42:09.098 [info] Renamed to /home/vinicius/.vscode/extensions/ms-toolsai.vscode-jupyter-cell-tags-0.1.6
2023-02-22 23:42:09.105 [info] Extracting completed. ms-toolsai.vscode-jupyter-cell-tags
2023-02-22 23:42:09.181 [info] Extension installed successfully: ms-toolsai.vscode-jupyter-cell-tags
2023-02-22 23:42:09.186 [info] Getting Manifest... naumovs.color-highlight
2023-02-22 23:42:09.822 [info] Installing extension: naumovs.color-highlight
2023-02-22 23:42:09.823 [info] Installing the extension without checking dependencies and pack naumovs.color-highlight
2023-02-22 23:42:11.999 [warning] Extension signature verification: naumovs.color-highlight. Verification status: UnknownError.
2023-02-22 23:42:12.444 [info] Extracted extension to /home/vinicius/.vscode/extensions/.892511f8-cd82-45ce-a1af-ef76c117494a: naumovs.color-highlight
2023-02-22 23:42:12.525 [info] Renamed to /home/vinicius/.vscode/extensions/naumovs.color-highlight-2.5.0
2023-02-22 23:42:12.530 [info] Extracting completed. naumovs.color-highlight
2023-02-22 23:42:12.573 [info] Extension installed successfully: naumovs.color-highlight
2023-02-22 23:42:12.575 [info] Getting Manifest... visualstudioexptteam.vscodeintellicode
2023-02-22 23:42:13.193 [info] Installing extension: visualstudioexptteam.vscodeintellicode
2023-02-22 23:42:13.193 [info] Installing the extension without checking dependencies and pack visualstudioexptteam.vscodeintellicode
2023-02-22 23:42:35.525 [warning] Extension signature verification: visualstudioexptteam.vscodeintellicode. Verification status: UnknownError.
2023-02-22 23:42:40.294 [info] Extracted extension to /home/vinicius/.vscode/extensions/.cb83675d-e6f5-45fc-a6a2-2e2e61d255f8: visualstudioexptteam.vscodeintellicode
2023-02-22 23:42:40.547 [info] Renamed to /home/vinicius/.vscode/extensions/visualstudioexptteam.vscodeintellicode-1.2.30
2023-02-22 23:42:40.560 [info] Extracting completed. visualstudioexptteam.vscodeintellicode
2023-02-22 23:42:40.647 [info] Extension installed successfully: visualstudioexptteam.vscodeintellicode
2023-02-22 23:42:40.649 [info] Getting Manifest... pkief.material-icon-theme
2023-02-22 23:42:40.842 [info] Installing extension: pkief.material-icon-theme
2023-02-22 23:42:40.842 [info] Installing the extension without checking dependencies and pack pkief.material-icon-theme
2023-02-22 23:42:43.163 [warning] Extension signature verification: pkief.material-icon-theme. Verification status: UnknownError.
2023-02-22 23:42:44.314 [info] Extracted extension to /home/vinicius/.vscode/extensions/.fdac0f9c-5f49-453e-8697-454cb51a5ae6: pkief.material-icon-theme
2023-02-22 23:42:44.393 [info] Renamed to /home/vinicius/.vscode/extensions/pkief.material-icon-theme-4.24.0
2023-02-22 23:42:44.398 [info] Extracting completed. pkief.material-icon-theme
2023-02-22 23:42:44.483 [info] Extension installed successfully: pkief.material-icon-theme
2023-02-22 23:42:44.487 [info] Getting Manifest... esbenp.prettier-vscode
2023-02-22 23:42:45.118 [info] Installing extension: esbenp.prettier-vscode
2023-02-22 23:42:45.118 [info] Installing the extension without checking dependencies and pack esbenp.prettier-vscode
2023-02-22 23:42:47.707 [warning] Extension signature verification: esbenp.prettier-vscode. Verification status: UnknownError.
2023-02-22 23:42:47.891 [info] Extracted extension to /home/vinicius/.vscode/extensions/.b7dfac8b-9847-4914-8342-67d8d7f2a3a5: esbenp.prettier-vscode
2023-02-22 23:42:47.960 [info] Renamed to /home/vinicius/.vscode/extensions/esbenp.prettier-vscode-9.10.4
2023-02-22 23:42:47.965 [info] Extracting completed. esbenp.prettier-vscode
2023-02-22 23:42:48.040 [info] Extension installed successfully: esbenp.prettier-vscode
2023-02-22 23:42:48.041 [info] Getting Manifest... moalamri.inline-fold
2023-02-22 23:42:48.687 [info] Installing extension: moalamri.inline-fold
2023-02-22 23:42:48.689 [info] Installing the extension without checking dependencies and pack moalamri.inline-fold
2023-02-22 23:42:50.752 [warning] Extension signature verification: moalamri.inline-fold. Verification status: UnknownError.
2023-02-22 23:42:50.808 [info] Extracted extension to /home/vinicius/.vscode/extensions/.4e1e2dea-3c92-45a0-b3f6-991b69e6f9ed: moalamri.inline-fold
2023-02-22 23:42:50.864 [info] Renamed to /home/vinicius/.vscode/extensions/moalamri.inline-fold-0.2.3
2023-02-22 23:42:50.865 [info] Extracting completed. moalamri.inline-fold
2023-02-22 23:42:50.909 [info] Extension installed successfully: moalamri.inline-fold
2023-02-22 23:42:50.911 [info] Getting Manifest... streetsidesoftware.code-spell-checker
2023-02-22 23:42:51.110 [info] Installing extension: streetsidesoftware.code-spell-checker
2023-02-22 23:42:51.110 [info] Installing the extension without checking dependencies and pack streetsidesoftware.code-spell-checker
2023-02-22 23:42:53.573 [warning] Extension signature verification: streetsidesoftware.code-spell-checker. Verification status: UnknownError.
2023-02-22 23:42:54.119 [info] Extracted extension to /home/vinicius/.vscode/extensions/.febaf450-0e1a-4c37-9e71-640dd610e4df: streetsidesoftware.code-spell-checker
2023-02-22 23:42:54.218 [info] Renamed to /home/vinicius/.vscode/extensions/streetsidesoftware.code-spell-checker-2.17.1
2023-02-22 23:42:54.223 [info] Extracting completed. streetsidesoftware.code-spell-checker
2023-02-22 23:42:54.277 [info] Extension installed successfully: streetsidesoftware.code-spell-checker
2023-02-22 23:42:54.279 [info] Getting Manifest... wallabyjs.console-ninja
2023-02-22 23:42:55.009 [info] Installing extension: wallabyjs.console-ninja
2023-02-22 23:42:55.009 [info] Installing the extension without checking dependencies and pack wallabyjs.console-ninja
2023-02-22 23:42:58.632 [warning] Extension signature verification: wallabyjs.console-ninja. Verification status: UnknownError.
2023-02-22 23:42:59.662 [info] Extracted extension to /home/vinicius/.vscode/extensions/.5e1ac411-cdd7-4d30-8fb2-9fdddb113bc9: wallabyjs.console-ninja
2023-02-22 23:42:59.706 [info] Renamed to /home/vinicius/.vscode/extensions/wallabyjs.console-ninja-0.0.77
2023-02-22 23:42:59.709 [info] Extracting completed. wallabyjs.console-ninja
2023-02-22 23:42:59.757 [info] Extension installed successfully: wallabyjs.console-ninja
2023-02-22 23:42:59.759 [info] Getting Manifest... ms-toolsai.jupyter-keymap
2023-02-22 23:43:00.435 [info] Installing extension: ms-toolsai.jupyter-keymap
2023-02-22 23:43:00.437 [info] Installing the extension without checking dependencies and pack ms-toolsai.jupyter-keymap
2023-02-22 23:43:02.480 [warning] Extension signature verification: ms-toolsai.jupyter-keymap. Verification status: UnknownError.
2023-02-22 23:43:02.496 [info] Extracted extension to /home/vinicius/.vscode/extensions/.2b7064ff-5511-46c3-86bd-ecfbbce7cbea: ms-toolsai.jupyter-keymap
2023-02-22 23:43:02.528 [info] Renamed to /home/vinicius/.vscode/extensions/ms-toolsai.jupyter-keymap-1.0.0
2023-02-22 23:43:02.530 [info] Extracting completed. ms-toolsai.jupyter-keymap
2023-02-22 23:43:02.574 [info] Extension installed successfully: ms-toolsai.jupyter-keymap
2023-02-22 23:43:02.578 [info] Getting Manifest... formulahendry.auto-close-tag
2023-02-22 23:43:03.203 [info] Installing extension: formulahendry.auto-close-tag
2023-02-22 23:43:03.204 [info] Installing the extension without checking dependencies and pack formulahendry.auto-close-tag
2023-02-22 23:43:05.246 [warning] Extension signature verification: formulahendry.auto-close-tag. Verification status: UnknownError.
2023-02-22 23:43:05.281 [info] Extracted extension to /home/vinicius/.vscode/extensions/.3ec4c1ad-fe5e-47da-a45e-2c0d60b7336f: formulahendry.auto-close-tag
2023-02-22 23:43:05.321 [info] Renamed to /home/vinicius/.vscode/extensions/formulahendry.auto-close-tag-0.5.14
2023-02-22 23:43:05.324 [info] Extracting completed. formulahendry.auto-close-tag
2023-02-22 23:43:05.366 [info] Extension installed successfully: formulahendry.auto-close-tag
2023-02-22 23:43:05.367 [info] Getting Manifest... mikestead.dotenv
2023-02-22 23:43:06.010 [info] Installing extension: mikestead.dotenv
2023-02-22 23:43:06.011 [info] Installing the extension without checking dependencies and pack mikestead.dotenv
2023-02-22 23:43:08.036 [warning] Extension signature verification: mikestead.dotenv. Verification status: UnknownError.
2023-02-22 23:43:08.094 [info] Extracted extension to /home/vinicius/.vscode/extensions/.f158f524-38d2-4b79-a393-37ee20e6daa2: mikestead.dotenv
2023-02-22 23:43:08.134 [info] Renamed to /home/vinicius/.vscode/extensions/mikestead.dotenv-1.0.1
2023-02-22 23:43:08.136 [info] Extracting completed. mikestead.dotenv
2023-02-22 23:43:08.193 [info] Extension installed successfully: mikestead.dotenv
2023-02-22 23:43:08.198 [info] Getting Manifest... dbaeumer.vscode-eslint
2023-02-22 23:43:08.866 [info] Installing extension: dbaeumer.vscode-eslint
2023-02-22 23:43:08.866 [info] Installing the extension without checking dependencies and pack dbaeumer.vscode-eslint
2023-02-22 23:43:10.853 [warning] Extension signature verification: dbaeumer.vscode-eslint. Verification status: UnknownError.
2023-02-22 23:43:10.900 [info] Extracted extension to /home/vinicius/.vscode/extensions/.1513566c-b1b0-4eee-9bff-5384a8cc8cbd: dbaeumer.vscode-eslint
2023-02-22 23:43:10.949 [info] Renamed to /home/vinicius/.vscode/extensions/dbaeumer.vscode-eslint-2.4.0
2023-02-22 23:43:10.951 [info] Extracting completed. dbaeumer.vscode-eslint
2023-02-22 23:43:10.996 [info] Extension installed successfully: dbaeumer.vscode-eslint
2023-02-22 23:43:11.000 [info] Getting Manifest... ms-python.isort
2023-02-22 23:43:11.649 [info] Installing extension: ms-python.isort
2023-02-22 23:43:11.650 [info] Installing the extension without checking dependencies and pack ms-python.isort
2023-02-22 23:43:13.938 [warning] Extension signature verification: ms-python.isort. Verification status: UnknownError.
2023-02-22 23:43:14.261 [info] Extracted extension to /home/vinicius/.vscode/extensions/.6cf7c99a-a33a-4e9b-84cc-023f2df0c94f: ms-python.isort
2023-02-22 23:43:14.303 [info] Renamed to /home/vinicius/.vscode/extensions/ms-python.isort-2022.8.0
2023-02-22 23:43:14.308 [info] Extracting completed. ms-python.isort
2023-02-22 23:43:14.363 [info] Extension installed successfully: ms-python.isort
2023-02-22 23:43:14.365 [info] Getting Manifest... ms-toolsai.jupyter
2023-02-22 23:43:14.667 [info] Installing extension: ms-toolsai.jupyter
2023-02-22 23:43:14.668 [info] Installing the extension without checking dependencies and pack ms-toolsai.jupyter
2023-02-22 23:43:19.398 [warning] Extension signature verification: ms-toolsai.jupyter. Verification status: UnknownError.
2023-02-22 23:43:20.154 [info] Extracted extension to /home/vinicius/.vscode/extensions/.95eadd00-453f-4fb5-a429-4de42dd80d75: ms-toolsai.jupyter
2023-02-22 23:43:20.245 [info] Renamed to /home/vinicius/.vscode/extensions/ms-toolsai.jupyter-2023.1.2010391206
2023-02-22 23:43:20.279 [info] Extracting completed. ms-toolsai.jupyter
2023-02-22 23:43:20.350 [info] Extension installed successfully: ms-toolsai.jupyter
2023-02-22 23:43:20.352 [info] Getting Manifest... ms-python.vscode-pylance
2023-02-22 23:43:20.530 [info] Installing extension: ms-python.vscode-pylance
2023-02-22 23:43:20.531 [info] Installing the extension without checking dependencies and pack ms-python.vscode-pylance
2023-02-22 23:43:24.453 [warning] Extension signature verification: ms-python.vscode-pylance. Verification status: UnknownError.
2023-02-22 23:43:30.554 [info] Extracted extension to /home/vinicius/.vscode/extensions/.9a04457d-c5a2-41c0-b8ab-9a1ef6521d53: ms-python.vscode-pylance
2023-02-22 23:43:30.650 [info] Renamed to /home/vinicius/.vscode/extensions/ms-python.vscode-pylance-2023.2.30
2023-02-22 23:43:30.657 [info] Extracting completed. ms-python.vscode-pylance
2023-02-22 23:43:30.708 [info] Extension installed successfully: ms-python.vscode-pylance
2023-02-22 23:43:30.710 [info] Getting Manifest... ms-python.python
2023-02-22 23:43:30.895 [info] Installing extension: ms-python.python
2023-02-22 23:43:30.895 [info] Installing the extension without checking dependencies and pack ms-python.python
2023-02-22 23:43:36.972 [warning] Extension signature verification: ms-python.python. Verification status: UnknownError.
2023-02-22 23:43:40.494 [info] Extracted extension to /home/vinicius/.vscode/extensions/.13e99b46-f590-4b43-beab-972489479438: ms-python.python
2023-02-22 23:43:40.631 [info] Renamed to /home/vinicius/.vscode/extensions/ms-python.python-2023.2.0
2023-02-22 23:43:40.643 [info] Extracting completed. ms-python.python
2023-02-22 23:43:40.689 [info] Extension installed successfully: ms-python.python
