2023-02-22 23:38:33.934 [info] Using settings sync service https://vscode-sync.trafficmanager.net/
2023-02-22 23:38:33.934 [info] Auto Sync is disabled.
2023-02-22 23:40:55.822 [info] Sync started.
2023-02-22 23:40:56.542 [info] Did reset the local sync state.
2023-02-22 23:40:56.557 [info] Settings: Last sync data state does not exist.
2023-02-22 23:40:56.871 [info] Settings: Last sync data state does not exist.
2023-02-22 23:40:57.378 [info] Keybindings: Last sync data state does not exist.
2023-02-22 23:40:57.848 [info] Snippets: Last sync data state does not exist.
2023-02-22 23:40:58.165 [info] Tasks: Last sync data state does not exist.
2023-02-22 23:40:58.457 [info] GlobalState: Last sync data state does not exist.
2023-02-22 23:40:58.976 [info] Extensions: Last sync data state does not exist.
2023-02-22 23:40:59.744 [info] Profiles: Last sync data state does not exist.
2023-02-22 23:41:00.037 [info] Profiles: Last sync data state does not exist.
2023-02-22 23:41:10.905 [info] Settings: Updated local settings
2023-02-22 23:41:10.959 [info] Settings: Updated last synchronized settings
2023-02-22 23:41:11.022 [info] Keybindings: Updated local keybindings
2023-02-22 23:41:11.070 [info] Keybindings: Updated last synchronized keybindings
2023-02-22 23:41:11.074 [info] Snippets: No changes found during synchronizing snippets.
2023-02-22 23:41:11.126 [info] Snippets: Updated last synchronized snippets
2023-02-22 23:41:11.129 [info] Tasks: No changes found during synchronizing tasks.
2023-02-22 23:41:11.171 [info] GlobalState: Last sync data state does not exist.
2023-02-22 23:41:11.193 [info] Tasks: Updated last synchronized tasks
2023-02-22 23:41:11.293 [info] GlobalState: Updated locale.
2023-02-22 23:41:11.294 [info] GlobalState: Updated locale
2023-02-22 23:41:11.296 [info] GlobalState: Updated global state ["ces/skipSurvey","workbench.panel.repl.hidden","workbench.view.extensions.state.hidden","hasNotifiedOfSettingsAutosave","commandPalette.mru.cache","commandPalette.mru.counter","javascript.1.editedCount","javascript.1.editedDate","nps/isCandidate","nps/skipVersion","workbench.view.remote.state.hidden","extensionTips/promptedExecutableTips","remote.explorerType","workbench.view.extension.dockerView.state.hidden","expandSuggestionDocs","terminal.integrated.showTerminalConfigPrompt","workbench.welcomePage.hiddenCategories","workbench.view.sync.state.hidden","extensionsAssistant/languagePackSuggestionIgnore","javascript.1.isCandidate","javascript.1.skipVersion","typescript.1.editedCount","typescript.1.editedDate","workbench.view.extension.test.state.hidden","fileBasedRecommendations/promptedFileExtensions","github-queirozvinicius","recently.opened","fileBasedRecommendations/promptedRecommendations","workbench.sideBar.position","workbench.activityBar.hidden","workbench.statusBar.hidden","workbench.view.extension.references-view.state.hidden","workbench.view.extension.jupyter-variables.state.hidden","memento/notebookGettingStarted2","notebook.controller2TypeBindings","workbench.view.extension.jupyter.state.hidden","memento/workbench.editor.keybindings","snippets.usageTimestamps","typescript.1.isCandidate","typescript.1.skipVersion","workbench.explorer.views.state.hidden","workbench.activity.pinnedViewlets2","nps/lastSessionDate","nps/sessionCount","cpp.1.sessionCount","java.2.sessionCount","javascript.1.lastSessionDate","javascript.1.sessionCount","typescript.1.lastSessionDate","typescript.1.sessionCount","workbench.view.debug.state.hidden","colorThemeData","workbench.panel.pinnedPanels","memento/gettingStartedService","workbench.statusbar.hidden","workbench.welcomePage.walkthroughMetadata"]
2023-02-22 23:41:11.296 [info] GlobalState: Updated local ui state
2023-02-22 23:41:11.339 [info] GlobalState: Updated last synchronized ui state
2023-02-22 23:41:12.292 [info] Extensions: Disabled extension pkief.material-icon-theme 4.24.0
2023-02-22 23:41:12.556 [info] Extensions: Last sync data state does not exist.
2023-02-22 23:41:25.243 [info] Extensions: Installed extension. prisma.prisma 4.10.1
2023-02-22 23:41:25.296 [info] Extensions: Last sync data state does not exist.
2023-02-22 23:41:28.264 [info] Extensions: Installed extension. bradlc.vscode-tailwindcss 0.9.7
2023-02-22 23:41:28.316 [info] Extensions: Last sync data state does not exist.
2023-02-22 23:41:31.026 [info] Extensions: Installed extension. xabikos.javascriptsnippets 1.8.0
2023-02-22 23:41:31.083 [info] Extensions: Last sync data state does not exist.
2023-02-22 23:41:40.852 [info] Extensions: Installed extension. ritwickdey.liveserver 5.7.9
2023-02-22 23:41:40.906 [info] Extensions: Last sync data state does not exist.
2023-02-22 23:41:41.319 [info] Extensions: Last sync data state does not exist.
2023-02-22 23:41:44.053 [info] Extensions: Installed extension. miguelsolorio.fluent-icons 0.0.18
2023-02-22 23:41:44.104 [info] Extensions: Last sync data state does not exist.
2023-02-22 23:41:47.490 [info] Extensions: Installed extension. visualstudioexptteam.intellicode-api-usage-examples 0.2.7
2023-02-22 23:41:47.547 [info] Extensions: Last sync data state does not exist.
2023-02-22 23:41:50.193 [info] Extensions: Installed extension. simonsiefke.svg-preview 2.8.3
2023-02-22 23:41:50.245 [info] Extensions: Last sync data state does not exist.
2023-02-22 23:41:53.158 [info] Extensions: Installed extension. ms-toolsai.vscode-jupyter-slideshow 0.1.5
2023-02-22 23:41:53.216 [info] Extensions: Last sync data state does not exist.
2023-02-22 23:41:56.049 [info] Extensions: Installed extension. christian-kohler.path-intellisense 2.8.4
2023-02-22 23:41:56.107 [info] Extensions: Last sync data state does not exist.
2023-02-22 23:41:59.650 [info] Extensions: Installed extension. miguelsolorio.symbols 0.0.9
2023-02-22 23:41:59.702 [info] Extensions: Last sync data state does not exist.
2023-02-22 23:42:02.854 [info] Extensions: Installed extension. mvllow.rose-pine 2.7.1
2023-02-22 23:42:02.911 [info] Extensions: Last sync data state does not exist.
2023-02-22 23:42:06.400 [info] Extensions: Installed extension. ms-toolsai.jupyter-renderers 1.0.15
2023-02-22 23:42:06.451 [info] Extensions: Last sync data state does not exist.
2023-02-22 23:42:09.185 [info] Extensions: Installed extension. ms-toolsai.vscode-jupyter-cell-tags 0.1.6
2023-02-22 23:42:09.253 [info] Extensions: Last sync data state does not exist.
2023-02-22 23:42:12.574 [info] Extensions: Installed extension. naumovs.color-highlight 2.5.0
2023-02-22 23:42:12.634 [info] Extensions: Last sync data state does not exist.
2023-02-22 23:42:40.647 [info] Extensions: Installed extension. visualstudioexptteam.vscodeintellicode 1.2.30
2023-02-22 23:42:40.704 [info] Extensions: Last sync data state does not exist.
2023-02-22 23:42:44.485 [info] Extensions: Installed extension. pkief.material-icon-theme 4.24.0
2023-02-22 23:42:44.539 [info] Extensions: Last sync data state does not exist.
2023-02-22 23:42:48.040 [info] Extensions: Installed extension. esbenp.prettier-vscode 9.10.4
2023-02-22 23:42:48.097 [info] Extensions: Last sync data state does not exist.
2023-02-22 23:42:50.910 [info] Extensions: Installed extension. moalamri.inline-fold 0.2.3
2023-02-22 23:42:50.975 [info] Extensions: Last sync data state does not exist.
2023-02-22 23:42:54.278 [info] Extensions: Installed extension. streetsidesoftware.code-spell-checker 2.17.1
2023-02-22 23:42:54.329 [info] Extensions: Last sync data state does not exist.
2023-02-22 23:42:59.757 [info] Extensions: Installed extension. wallabyjs.console-ninja 0.0.77
2023-02-22 23:42:59.811 [info] Extensions: Last sync data state does not exist.
2023-02-22 23:43:02.575 [info] Extensions: Installed extension. ms-toolsai.jupyter-keymap 1.0.0
2023-02-22 23:43:02.632 [info] Extensions: Last sync data state does not exist.
2023-02-22 23:43:05.366 [info] Extensions: Installed extension. formulahendry.auto-close-tag 0.5.14
2023-02-22 23:43:05.432 [info] Extensions: Last sync data state does not exist.
2023-02-22 23:43:08.195 [info] Extensions: Installed extension. mikestead.dotenv 1.0.1
2023-02-22 23:43:08.255 [info] Extensions: Last sync data state does not exist.
2023-02-22 23:43:10.997 [info] Extensions: Installed extension. dbaeumer.vscode-eslint 2.4.0
2023-02-22 23:43:11.049 [info] Extensions: Last sync data state does not exist.
2023-02-22 23:43:14.364 [info] Extensions: Installed extension. ms-python.isort 2022.8.0
2023-02-22 23:43:14.419 [info] Extensions: Last sync data state does not exist.
2023-02-22 23:43:20.351 [info] Extensions: Installed extension. ms-toolsai.jupyter 2023.1.2010391206
2023-02-22 23:43:20.403 [info] Extensions: Last sync data state does not exist.
2023-02-22 23:43:30.708 [info] Extensions: Installed extension. ms-python.vscode-pylance 2023.2.30
2023-02-22 23:43:30.761 [info] Extensions: Last sync data state does not exist.
2023-02-22 23:43:40.690 [info] Extensions: Installed extension. ms-python.python 2023.2.0
2023-02-22 23:43:40.764 [info] Extensions: Updated last synchronized extensions.
2023-02-22 23:43:40.814 [info] Profiles: No changes found during synchronizing profiles.
2023-02-22 23:43:41.116 [info] Profiles: Updated last synchronized profiles.
2023-02-22 23:43:41.269 [info] Sync done. Took 165452ms
2023-02-22 23:43:41.303 [info] Auto Sync: Triggered by Interval
2023-02-22 23:43:41.306 [info] Sync started.
2023-02-22 23:43:42.593 [info] Settings: Updated remote settings
2023-02-22 23:43:42.685 [info] Settings: Updated last synchronized settings
2023-02-22 23:43:42.724 [info] Keybindings: No changes found during synchronizing keybindings.
2023-02-22 23:43:42.770 [info] Snippets: No changes found during synchronizing snippets.
2023-02-22 23:43:42.776 [info] Tasks: No changes found during synchronizing tasks.
2023-02-22 23:43:43.804 [info] GlobalState: Updated remote ui state. Added: ces/remindLaterDate. Updated: workbench.activity.pinnedViewlets2,memento/gettingStartedService,workbench.welcomePage.walkthroughMetadata.
2023-02-22 23:43:43.893 [info] GlobalState: Updated last synchronized ui state
2023-02-22 23:43:44.034 [info] Extensions: No changes found during synchronizing extensions.
2023-02-22 23:43:44.039 [info] Profiles: No changes found during synchronizing profiles.
2023-02-22 23:43:44.044 [info] Sync done. Took 2767ms
2023-02-22 23:43:44.462 [info] Auto Sync: Triggered by Activity
2023-02-22 23:43:44.463 [info] Sync started.
2023-02-22 23:43:44.733 [info] Settings: No changes found during synchronizing settings.
2023-02-22 23:43:44.741 [info] Keybindings: No changes found during synchronizing keybindings.
2023-02-22 23:43:44.747 [info] Snippets: No changes found during synchronizing snippets.
2023-02-22 23:43:44.754 [info] Tasks: No changes found during synchronizing tasks.
2023-02-22 23:43:44.763 [info] GlobalState: No changes found during synchronizing ui state.
2023-02-22 23:43:44.967 [info] Extensions: No changes found during synchronizing extensions.
2023-02-22 23:43:44.974 [info] Profiles: No changes found during synchronizing profiles.
2023-02-22 23:43:44.978 [info] Sync done. Took 516ms
2023-02-22 23:43:47.665 [info] Auto Sync: Triggered by Activity
2023-02-22 23:43:47.667 [info] Sync started.
2023-02-22 23:43:47.965 [info] Settings: No changes found during synchronizing settings.
2023-02-22 23:43:48.013 [info] Keybindings: No changes found during synchronizing keybindings.
2023-02-22 23:43:48.055 [info] Snippets: No changes found during synchronizing snippets.
2023-02-22 23:43:48.082 [info] Tasks: No changes found during synchronizing tasks.
2023-02-22 23:43:49.432 [info] GlobalState: Updated remote ui state. Updated: workbench.panel.pinnedPanels,memento/gettingStartedService.
2023-02-22 23:43:49.917 [info] GlobalState: Updated last synchronized ui state
2023-02-22 23:43:50.524 [info] Extensions: No changes found during synchronizing extensions.
2023-02-22 23:43:50.553 [info] Profiles: No changes found during synchronizing profiles.
2023-02-22 23:43:50.640 [info] Sync done. Took 2935ms
2023-02-22 23:43:50.646 [info] Auto Sync: Triggered by Activity
2023-02-22 23:43:50.647 [info] Sync started.
2023-02-22 23:43:51.235 [info] Settings: No changes found during synchronizing settings.
2023-02-22 23:43:51.248 [info] Keybindings: No changes found during synchronizing keybindings.
2023-02-22 23:43:51.258 [info] Snippets: No changes found during synchronizing snippets.
2023-02-22 23:43:51.304 [info] Tasks: No changes found during synchronizing tasks.
2023-02-22 23:43:51.966 [info] GlobalState: Updated remote ui state. Updated: workbench.activity.pinnedViewlets2.
2023-02-22 23:43:52.025 [info] GlobalState: Updated last synchronized ui state
2023-02-22 23:43:52.486 [info] Extensions: No changes found during synchronizing extensions.
2023-02-22 23:43:52.513 [info] Profiles: No changes found during synchronizing profiles.
2023-02-22 23:43:52.539 [info] Sync done. Took 1947ms
2023-02-22 23:43:52.573 [info] Auto Sync: Triggered by Activity
2023-02-22 23:43:52.574 [info] Sync started.
2023-02-22 23:43:52.890 [info] Settings: No changes found during synchronizing settings.
2023-02-22 23:43:52.917 [info] Keybindings: No changes found during synchronizing keybindings.
2023-02-22 23:43:52.964 [info] Snippets: No changes found during synchronizing snippets.
2023-02-22 23:43:52.985 [info] Tasks: No changes found during synchronizing tasks.
2023-02-22 23:43:53.010 [info] GlobalState: No changes found during synchronizing ui state.
2023-02-22 23:43:53.425 [info] Extensions: No changes found during synchronizing extensions.
2023-02-22 23:43:53.434 [info] Profiles: No changes found during synchronizing profiles.
2023-02-22 23:43:53.439 [info] Sync done. Took 867ms
2023-02-22 23:43:57.084 [info] Auto Sync: Triggered by Activity
2023-02-22 23:43:57.084 [info] Sync started.
2023-02-22 23:43:57.862 [info] Settings: Updated remote settings
2023-02-22 23:43:57.942 [info] Settings: Updated last synchronized settings
2023-02-22 23:43:57.952 [info] Keybindings: No changes found during synchronizing keybindings.
2023-02-22 23:43:57.975 [info] Snippets: No changes found during synchronizing snippets.
2023-02-22 23:43:57.996 [info] Tasks: No changes found during synchronizing tasks.
2023-02-22 23:43:58.018 [info] GlobalState: No changes found during synchronizing ui state.
2023-02-22 23:43:58.442 [info] Extensions: No changes found during synchronizing extensions.
2023-02-22 23:43:58.457 [info] Profiles: No changes found during synchronizing profiles.
2023-02-22 23:43:58.468 [info] Sync done. Took 1386ms
2023-02-22 23:44:16.656 [info] Auto Sync: Triggered by Activity
2023-02-22 23:44:16.657 [info] Sync started.
2023-02-22 23:44:16.942 [info] Settings: No changes found during synchronizing settings.
2023-02-22 23:44:16.952 [info] Keybindings: No changes found during synchronizing keybindings.
2023-02-22 23:44:16.966 [info] Snippets: No changes found during synchronizing snippets.
2023-02-22 23:44:16.971 [info] Tasks: No changes found during synchronizing tasks.
2023-02-22 23:44:17.019 [info] GlobalState: No changes found during synchronizing ui state.
2023-02-22 23:44:17.653 [info] Extensions: No changes found during synchronizing extensions.
2023-02-22 23:44:17.659 [info] Profiles: No changes found during synchronizing profiles.
2023-02-22 23:44:17.667 [info] Sync done. Took 1013ms
