2023-02-25 02:45:10.949 [info] Log level: Info
2023-02-25 02:45:10.950 [info] Validating found git in: "git"
2023-02-25 02:45:10.950 [info] Using git "2.39.2" from "git"
2023-02-25 02:45:10.950 [info] > git rev-parse --show-toplevel [593ms]
2023-02-25 02:45:10.950 [info] fatal: not a git repository (or any of the parent directories): .git
2023-02-25 02:45:10.950 [info] > git rev-parse --show-toplevel [71ms]
2023-02-25 02:45:10.950 [info] fatal: not a git repository (or any of the parent directories): .git
2023-02-25 02:45:10.950 [info] > git rev-parse --show-toplevel [1008ms]
2023-02-25 02:45:10.950 [info] fatal: not a git repository (or any of the parent directories): .git
2023-02-25 02:45:11.360 [info] > git rev-parse --show-toplevel [2194ms]
2023-02-25 02:45:11.362 [info] fatal: not a git repository (or any of the parent directories): .git
2023-02-25 02:45:12.575 [info] > git rev-parse --show-toplevel [185ms]
2023-02-25 02:45:12.576 [info] fatal: not a git repository (or any of the parent directories): .git
2023-02-25 02:45:16.698 [info] > git rev-parse --show-toplevel [31ms]
2023-02-25 02:45:16.698 [info] fatal: not a git repository (or any of the parent directories): .git
2023-02-25 02:45:19.996 [info] > git rev-parse --show-toplevel [29ms]
2023-02-25 02:45:19.996 [info] fatal: not a git repository (or any of the parent directories): .git
2023-02-25 02:49:18.607 [info] > git rev-parse --show-toplevel [829ms]
2023-02-25 02:49:18.608 [info] fatal: not a git repository (or any of the parent directories): .git
2023-02-25 02:49:52.511 [info] > git rev-parse --show-toplevel [394ms]
2023-02-25 02:49:52.512 [info] fatal: not a git repository (or any of the parent directories): .git
2023-02-25 02:50:32.263 [info] > git rev-parse --show-toplevel [136ms]
2023-02-25 02:50:32.263 [info] fatal: not a git repository (or any of the parent directories): .git
